<?xml version="1.0" encoding="UTF-8"?>
<testsuite name="com.sparta.posting.PostingApplicationTests" tests="1" skipped="0" failures="0" errors="0" timestamp="2022-12-07T01:02:43" hostname="DESKTOP-TVPTU4S" time="0.151">
  <properties/>
  <testcase name="contextLoads()" classname="com.sparta.posting.PostingApplicationTests" time="0.151"/>
  <system-out><![CDATA[10:02:40.372 [Test worker] DEBUG org.springframework.boot.test.context.SpringBootTestContextBootstrapper - Neither @ContextConfiguration nor @ContextHierarchy found for test class [PostingApplicationTests]: using SpringBootContextLoader
10:02:40.377 [Test worker] DEBUG org.springframework.test.context.support.AbstractContextLoader - Could not detect default resource locations for test class [com.sparta.posting.PostingApplicationTests]: no resource found for suffixes {-context.xml, Context.groovy}.
10:02:40.378 [Test worker] INFO org.springframework.test.context.support.AnnotationConfigContextLoaderUtils - Could not detect default configuration classes for test class [com.sparta.posting.PostingApplicationTests]: PostingApplicationTests does not declare any static, non-private, non-final, nested classes annotated with @Configuration.
10:02:40.403 [Test worker] DEBUG org.springframework.boot.test.context.SpringBootTestContextBootstrapper - Using ContextCustomizers for test class [PostingApplicationTests]: [DisableObservabilityContextCustomizer, PropertyMappingContextCustomizer, Customizer, ExcludeFilterContextCustomizer, DuplicateJsonObjectContextCustomizer, MockitoContextCustomizer, TestRestTemplateContextCustomizer]
10:02:40.465 [Test worker] DEBUG org.springframework.context.annotation.ClassPathScanningCandidateComponentProvider - Identified candidate component class: file [C:\Users\ost12\Desktop\sparta_java\Posting\build\classes\java\main\com\sparta\posting\PostingApplication.class]
10:02:40.466 [Test worker] INFO org.springframework.boot.test.context.SpringBootTestContextBootstrapper - Found @SpringBootConfiguration com.sparta.posting.PostingApplication for test class com.sparta.posting.PostingApplicationTests
10:02:40.571 [Test worker] DEBUG org.springframework.boot.test.context.SpringBootTestContextBootstrapper - Using TestExecutionListeners for test class [PostingApplicationTests]: [ServletTestExecutionListener, DirtiesContextBeforeModesTestExecutionListener, ApplicationEventsTestExecutionListener, MockitoTestExecutionListener, DependencyInjectionTestExecutionListener, DirtiesContextTestExecutionListener, TransactionalTestExecutionListener, SqlScriptsTestExecutionListener, EventPublishingTestExecutionListener, RestDocsTestExecutionListener, MockRestServiceServerResetTestExecutionListener, MockMvcPrintOnlyOnFailureTestExecutionListener, WebDriverTestExecutionListener, MockWebServiceServerTestExecutionListener, ResetMocksTestExecutionListener]
10:02:40.572 [Test worker] DEBUG org.springframework.test.context.support.AbstractDirtiesContextTestExecutionListener - Before test class: class [PostingApplicationTests], class annotated with @DirtiesContext [false] with mode [null]

  .   ____          _            __ _ _
 /\\ / ___'_ __ _ _(_)_ __  __ _ \ \ \ \
( ( )\___ | '_ | '_| | '_ \/ _` | \ \ \ \
 \\/  ___)| |_)| | | | | || (_| |  ) ) ) )
  '  |____| .__|_| |_|_| |_\__, | / / / /
 =========|_|==============|___/=/_/_/_/
 :: Spring Boot ::                (v3.0.0)

2022-12-07T10:02:40.793+09:00  INFO 18868 --- [    Test worker] c.s.posting.PostingApplicationTests      : Starting PostingApplicationTests using Java 17.0.5 with PID 18868 (started by ost12 in C:\Users\ost12\Desktop\sparta_java\Posting)
2022-12-07T10:02:40.794+09:00  INFO 18868 --- [    Test worker] c.s.posting.PostingApplicationTests      : No active profile set, falling back to 1 default profile: "default"
2022-12-07T10:02:41.305+09:00  INFO 18868 --- [    Test worker] .s.d.r.c.RepositoryConfigurationDelegate : Bootstrapping Spring Data JPA repositories in DEFAULT mode.
2022-12-07T10:02:41.343+09:00  INFO 18868 --- [    Test worker] .s.d.r.c.RepositoryConfigurationDelegate : Finished Spring Data repository scanning in 32 ms. Found 1 JPA repository interfaces.
2022-12-07T10:02:41.633+09:00  INFO 18868 --- [    Test worker] com.zaxxer.hikari.HikariDataSource       : HikariPool-1 - Starting...
2022-12-07T10:02:41.790+09:00  INFO 18868 --- [    Test worker] com.zaxxer.hikari.pool.HikariPool        : HikariPool-1 - Added connection conn0: url=jdbc:h2:mem:db user=SA
2022-12-07T10:02:41.792+09:00  INFO 18868 --- [    Test worker] com.zaxxer.hikari.HikariDataSource       : HikariPool-1 - Start completed.
2022-12-07T10:02:41.830+09:00  INFO 18868 --- [    Test worker] o.hibernate.jpa.internal.util.LogHelper  : HHH000204: Processing PersistenceUnitInfo [name: default]
2022-12-07T10:02:41.885+09:00  INFO 18868 --- [    Test worker] org.hibernate.Version                    : HHH000412: Hibernate ORM core version 6.1.5.Final
2022-12-07T10:02:42.040+09:00  WARN 18868 --- [    Test worker] org.hibernate.orm.deprecation            : HHH90000021: Encountered deprecated setting [javax.persistence.sharedCache.mode], use [jakarta.persistence.sharedCache.mode] instead
2022-12-07T10:02:42.165+09:00  INFO 18868 --- [    Test worker] SQL dialect                              : HHH000400: Using dialect: org.hibernate.dialect.H2Dialect
2022-12-07T10:02:42.820+09:00  INFO 18868 --- [    Test worker] o.h.e.t.j.p.i.JtaPlatformInitiator       : HHH000490: Using JtaPlatform implementation: [org.hibernate.engine.transaction.jta.platform.internal.NoJtaPlatform]
2022-12-07T10:02:42.827+09:00  INFO 18868 --- [    Test worker] j.LocalContainerEntityManagerFactoryBean : Initialized JPA EntityManagerFactory for persistence unit 'default'
2022-12-07T10:02:43.267+09:00  WARN 18868 --- [    Test worker] JpaBaseConfiguration$JpaWebConfiguration : spring.jpa.open-in-view is enabled by default. Therefore, database queries may be performed during view rendering. Explicitly configure spring.jpa.open-in-view to disable this warning
2022-12-07T10:02:43.602+09:00  INFO 18868 --- [    Test worker] o.s.b.a.h2.H2ConsoleAutoConfiguration    : H2 console available at '/h2-console'. Database available at 'jdbc:h2:mem:db'
2022-12-07T10:02:43.659+09:00  INFO 18868 --- [    Test worker] c.s.posting.PostingApplicationTests      : Started PostingApplicationTests in 3.043 seconds (process running for 3.952)
]]></system-out>
  <system-err><![CDATA[]]></system-err>
</testsuite>
